--- TSF_Calc.d ---
-- TSF_Calc.d source --
TSF_Tab-Separated-Forth:
	calccount:	#TSF_this	#TSF_fin.
calccount:
	calcjump:	calcsample:	#TSF_lenthe	0,1,[0]U	#TSF_join[]	#TSF_RPN	#TSF_peekNthe	#TSF_this	calccount:	#TSF_this
calcjump:
	#exit	calcpop:
calcpop:
	calcsample:	0	#TSF_pullNthe	#TSF_peekFthat	#TSF_calc	「[1]」→「[0]」	#TSF_join[]	#TSF_echo
calcpeekdata:
	009	108	207	306	405	504	603	702	801	900
calcjumpdata:
	True:	False:
calcsample:
	0|0
	0|0,
	0/0
	0,0/
	,0
	0
	2,3+
	2,3-
	2,3*
	2,3/
	(2,3-),5+
	[calcpeekdata:8]
	4|6
	3.5|0.05
	5|6*m2|4
	5|6/m2|4
	5|6\m2|4
	5|6#p2|4
	5|6#m2|4
	10#5
	10#m5
	10#7
	10#m7
	5#p4
	5#m4
	5,4#
	5,m4#
	5|6>2|3
	2|3>5|6
	5|6<2|3
	2|3<5|6
	2+3
	2-3
	5|6+p2|3
	5|6-p2|3
	5|6+m2|3
	5|6-m2|3
	100%p8
	100%m8
	100*(100+8)/100
	100*(100-8)/100
	100,8%
	,m4!
	m4!
	m1Z[calcpeekdata:0]~[calcpeekdata:1]
	0Z[calcpeekdata:0]~[calcpeekdata:1]
	p1Z[calcpeekdata:0]~[calcpeekdata:1]
	m1Z[calcjumpdata:0]~[calcjumpdata:1]
	0Z[calcjumpdata:0]~[calcjumpdata:1]
	p1Z[calcjumpdata:0]~[calcjumpdata:1]
	m1ZTrue:~False:
	0ZTrue:~False:
	p1ZTrue:~False:
-- TSF_Calc.d run --
「0|0」→「n|0」
「0|0,」→「n|0」
「0/0」→「n|0」
「0,0/」→「n|0」
「,0」→「0」
「0」→「0|1」
「2,3+」→「p5」
「2,3-」→「m1」
「2,3*」→「p6」
「2,3/」→「p0.666667」
「(2,3-),5+」→「p4」
「[calcpeekdata:8]」→「p801|1」
「4|6」→「p2|3」
「3.5|0.05」→「p70|1」
「5|6*m2|4」→「m5|12」
「5|6/m2|4」→「m5|3」
「5|6\m2|4」→「m1|1」
「5|6#p2|4」→「p1|3」
「5|6#m2|4」→「p1|6」
「10#5」→「0|1」
「10#m5」→「0|1」
「10#7」→「p3|1」
「10#m7」→「p4|1」
「5#p4」→「p1|1」
「5#m4」→「p3|1」
「5,4#」→「p1」
「5,m4#」→「p3」
「5|6>2|3」→「p5|3」
「2|3>5|6」→「p1|3」
「5|6<2|3」→「p5|3」
「2|3<5|6」→「p1|3」
「2+3」→「p5|1」
「2-3」→「m1|1」
「5|6+p2|3」→「p3|2」
「5|6-p2|3」→「p1|6」
「5|6+m2|3」→「p1|6」
「5|6-m2|3」→「p3|2」
「100%p8」→「p108|1」
「100%m8」→「p92|1」
「100*(100+8)/100」→「p108|1」
「100*(100-8)/100」→「p92|1」
「100,8%」→「p108」
「,m4!」→「p4」
「m4!」→「p4|1」
「m1Z[calcpeekdata:0]~[calcpeekdata:1]」→「p108」
「0Z[calcpeekdata:0]~[calcpeekdata:1]」→「009」
「p1Z[calcpeekdata:0]~[calcpeekdata:1]」→「p108」
「m1Z[calcjumpdata:0]~[calcjumpdata:1]」→「False:」
「0Z[calcjumpdata:0]~[calcjumpdata:1]」→「True:」
「p1Z[calcjumpdata:0]~[calcjumpdata:1]」→「False:」
「m1ZTrue:~False:」→「False:」
「0ZTrue:~False:」→「True:」
「p1ZTrue:~False:」→「False:」
-- TSF_Calc.d viewthey --
TSF_Tab-Separated-Forth:
	calccount:	#TSF_this	#TSF_fin.
calccount:
	calcjump:	calcsample:	#TSF_lenthe	0,1,[0]U	#TSF_join[]	#TSF_RPN	#TSF_peekNthe	#TSF_this	calccount:	#TSF_this
calcjump:
	#exit	calcpop:
calcpop:
	calcsample:	0	#TSF_pullNthe	#TSF_peekFthat	#TSF_calc	「[1]」→「[0]」	#TSF_join[]	#TSF_echo
calcpeekdata:
	009	108	207	306	405	504	603	702	801	900
calcjumpdata:
	True:	False:
calcsample:
	
