TSF_Tab-Separated-Forth:
	UTF-8	:TSF_encoding	0	:TSF_fin.
TSF_argvs:
	TSFd_Io.d
TSF_d:
	D(digitalMars)2.74	linux	UTF-8
TSF_debug_tsv:
	helloワールド咖喱
	csv&tab;tsv&tab;LTSV&tab;L:Tsv&tab;TSF
	csv	tsv	LTSV	L:Tsv	TSF
TSF_debug_rpn:
	0	0
	0.0	0
	U+p128	p296
	$ffff	p65535
	m1	m1
	-1	m1
	1.414|3	p0.4713333333
	2,3+	p5
	2,m3+	m1
	2,3-	m1
	2,m3-	p5
	2,3*	p6
	2,3/	p0.6666666667
	0|0	n|0
	0,0/	n|0
	5,3\	p1
	5,3#	p2
	5,3<	p5
	5,3>	p3
	5,7,p1Z	p7
	5,7,0Z	p5
	5,7,m1Z	p7
	5,7,p1z	p5
	5,7,0z	p7
	5,7,m1z	p5
	5,7,p1O	p5
	5,7,0O	p5
	5,7,m1O	p7
	5,7,p1o	p5
	5,7,0o	p7
	5,7,m1o	p7
	5,7,p1U	p7
	5,7,0U	p5
	5,7,m1U	p5
	5,7,p1u	p7
	5,7,0u	p7
	5,7,m1u	p5
	456000000000000000000000000	p456000000000000000000000000
	-789000000000000000000000000	m789000000000000000000000000
	0.0000000000456	p0.00000000456
	-0.0000000000789	m0,00000000789
	,/10000000000000000000000000|1	p0.0000000000000000000000001
	0.0001	p0.0001
	0.00001	p0.00001
	0.000001	p0.000001
	0,p1^	0
	0,0^	n|0
	0,m1^	n|0
	p3,p4#	p3
	m3,p4#	m3
	p3,m4#	p3
	m3,m4#	p1
	355,113/	p3.1415929204
	3.141592653589793238462643383279502884197169399375	p3.1415926536
	p3.14,1\	p3
	m3.14,1\	m3
	p3.14,1_	p4
	m3.14,1_	m4
	p3,1\	p3
	m3,1\	m3
	p3,1_	p3
	m3,1_	m3
