--- TSF_Shuffle.py ---
-- TSF_Shuffle.py source --
TSF_Tab-Separated-Forth:
	shuffleclone:	#TSF_this	#TSF_fin.
shuffleclone:
	adverbclone:	adverb:	#TSF_clonethe	shufflestacks:	#TSF_pullFthe	#TSF_this	adverbclone:	#TSF_argvsthe	#TSF_reverseN	adverbclone:	#TSF_lenthe	 	#TSF_sandwichN	「#[2]」「[1]」「[0]」	#TSF_join[]	#TSF_echo	shufflejump:	shufflestacks:	#TSF_lenthe	0,1,[0]U	#TSF_join[]	#TSF_RPN	#TSF_peekNthe	#TSF_this
shufflejump:
	#!exit:	shuffleclone:
verb:	peek	poke	push	pull
adverb:	F	N	C	M	V	A	Q	I	R	H	L
pronoun:	this	that	the	they
shufflestacks:
	pushM:	pullM:	pokeM:	peekM:	pullC:	pokeC:	peekC:	pushN:	pullN:	pokeN:	peekN:	pushF:	pullF:	pokeF:	peekF:
peekF:	TSF_peekFthe	adverbclone:	#TSF_peekFthe
pokeF:	TSF_pokeFthe	$poke	adverbclone:	#TSF_pokeFthe	$poke
pullF:	TSF_pullFthe	adverbclone:	#TSF_pullFthe
pushF:	TSF_pushFthe	$push	adverbclone:	#TSF_pushFthe	$push
peekN:	TSF_peekNthe	adverbclone:	1	#TSF_peekNthe
pokeN:	TSF_pokeNthe	$poke	adverbclone:	1	#TSF_pokeNthe	$poke
pullN:	TSF_pullNthe	adverbclone:	1	#TSF_pullNthe
pushN:	TSF_pushNthe	$push	adverbclone:	1	#TSF_pushNthe	$push
peekC:	TSF_peekCthe	adverbclone:	2	#TSF_peekCthe
pokeC:	TSF_pokeCthe	$poke	adverbclone:	2	#TSF_pokeCthe	$poke
pullC:	TSF_pullCthe	adverbclone:	2	#TSF_pullCthe
pushC:	TSF_pushCthe	$push	adverbclone:	2	#TSF_pushCthe	$push
peekM:	TSF_peekMthe	adverbclone:	3	#TSF_peekMthe
pokeM:	TSF_pokeMthe	$poke	adverbclone:	3	#TSF_pokeMthe	$poke
pullM:	TSF_pullMthe	adverbclone:	3	#TSF_pullMthe
pushM:	TSF_pushMthe	$push	adverbclone:	3	#TSF_pushMthe	$push
-- TSF_Shuffle.py run --
「#TSF_peekFthe」「L」「F N C M V A Q I R H L」
「#TSF_pokeFthe」「$poke」「F N C M V A Q I R H $poke」
「#TSF_pullFthe」「L」「F N C M V A Q I R H」
「#TSF_pushFthe」「$push」「F N C M V A Q I R H L $push」
「#TSF_peekNthe」「N」「F N C M V A Q I R H L」
「#TSF_pokeNthe」「$poke」「F $poke C M V A Q I R H L」
「#TSF_pullNthe」「N」「F C M V A Q I R H L」
「#TSF_pushNthe」「$push」「F $push N C M V A Q I R H L」
「#TSF_peekCthe」「C」「F N C M V A Q I R H L」
「#TSF_pokeCthe」「$poke」「F N $poke M V A Q I R H L」
「#TSF_pullCthe」「C」「F N M V A Q I R H L」
「#TSF_peekMthe」「M」「F N C M V A Q I R H L」
「#TSF_pokeMthe」「$poke」「F N C $poke V A Q I R H L」
「#TSF_pullMthe」「M」「F N C V A Q I R H L」
「#TSF_pushMthe」「$push」「F N C $push M V A Q I R H L」
