-- TSF_sample_about source --
TSF_Tab-Separated-Forth:
	echoTSF:	#TSF_this	#TSF_fin.
echoTSF:
	aboutTSF:	#TSF_argvsthe	#TSF_echoN	echoRPNcalc:	#TSF_this
aboutTSF:
	
	○「TSF_Tab-Separated-Forth」の概要(開発予定の話も含みます)。
	
	　Forth風インタプリタ。単位はtsv文字列。文字列の事をカードと呼称。カードの束をスタックと呼称。スタックの集まりをデッキと呼称。
	　文字から始まる行はスタック名。タブで始まる行はカードの束。「#!」で始まる行(改行のみの行含む)はコメント扱いで読み飛ばし。
	　スタック名とカードの束を一行にまとめて記述するワンライナー記法も可能。
	
	○TSFには4つの「th」、スタック代名詞「this」「that」「the」「they」という概念が存在する(theは厳密には冠詞だが便宜上代名詞扱い)。
	
	　「this」は実行中のスタック。#関数カードの指示通りにカードを「ドロー(積み下ろし)」したり「リターン(積み上げ)」したりする。
	　#関数カードではないカードは後述の「that」スタックに積み上げられる。関数の返り値ではないのでリターンとは呼ばない。
	　オーバーフローもしくは「#!exit: #TSF_this」のように存在しないスタックに入る行為でオーバーフローを発生させてスタックから抜ける。
	　TSFにループ構文は存在しないので末尾再帰がループになる。末尾だけじゃなくループの外側スタックを呼び出しても呼び出し先までのコールスタックが破棄される。
	　TSFにはIF構文も存在しないけど「#TSF_this」に「#TSF_calc」「#TSF_peekNthe」「#TSF_aliasQON」などで呼び出し先変更を組み合わせる事で分岐は可能。
	　「that」は積込先のスタック。#関数カードの返り値や#関数カード以外のカードが積み上げられる。
	　「the」は指定スタック。変数や配列やテキスト保存先として扱ってるスタックが一時的に呼び出される場合の文字通り代名詞。
	　「they」はスタック名一覧。スタック名一覧自体もカード束としてスタックの様に扱える場合がある。
	
	○TSFのスタック操作に4つの「p」、スタック動詞「peek」「poke」「pull」「push」が存在する。
	
	　「peek」スタックからカードを読み込む。読込先スタックはそのままに「that」スタックにカードが積まれるのでカードが増殖る形になる。
	　「poke」スタックにカードを書き込む。スタックのカードは上書きされるので上書きされたカードが消失する形になる。
	　「pull」スタックからカードを引き抜く。引抜先スタックから「that」スタックにカードが移動する形になる。
	　「push」スタックにカードを差し込む。引抜先スタックに「that」スタックからカードが移動する形になる。
	
	　※ドロー(積み下ろし)は「pullFthat」、リターン(積み上げ)は「pushFthat」、してるとも言える。
	
	○TSFのスタック操作で選択するカード位置の副詞「F,N,C,M,V,A…」などを用意する予定。
	
	　「F」(Front)スタックから表択、一番上に積まれたカード(tsv表現では末尾の文字列)を選択。
	　「N」(Number)スタックから順択、一番下のカード(tsv表現では右端の文字列)をゼロとして数値指定で選択。
	　「C」(Cycle)スタックから周択、「N」のカウント数がスタックを上回る場合、ゼロから数え直す。
	　「M」(liMit)スタックから囲択、「N」のカウント数がスタックを上回る場合、「F」と同様。下回る場合ゼロ。
	　「V」(reVerse)スタックから逆択、「N」のカウントが逆順になる。一番上のカード(tsv表現では左端の文字列)をゼロとして数値指定で選択。
	　「A」(rAndom)スタックから乱択、ランダムに選択。乱数の定義が絡む場合は「N」を用いて別な所から乱数を準備すべき。
	　「Q」(eQual)スタックから同択、文字列と同じカードを選択。カードの枚数は動詞による。
	　「I」(In)スタックから含択、文字列が含まれるカードを選択。カードの枚数は動詞による。
	　「R」(Regex)スタックから規択、正規表現に該当するカードを選択。カードの枚数は動詞による。TSFを実装する言語毎に正規表現の方言が存在する問題。
	　「H」(matcHer)スタックから似択、文字列の一致度が一定数以上のカードを選択。カードの枚数は動詞による。Python以外の言語で一致度の基準が未定義。
	　「L」(Label)スタックから札択、ラベル付カードを選択。L:Tsvを読み込む場合などに使用。
	
	○TSFの文字列置換などでは多重副詞(副詞の組み合わせ)が発生します。加えてスタック名なのかカード名なのかを指定する数量詞が加わります。
	
	　「S」(Stack)スタックを用意、同名のカードが存在しても、スタックを用います。
	　「D」(carD)カードを用意、同名のスタックが存在しても、スタック名そのものを1枚のカード束とみなします。
	　「O」(stack Or card)スタックまたはカードを用意、スタックが存在すればスタックを用い、スタックが存在しなければスタック名そのものを1枚のカード束とみなします。
	
echoRPNcalc:
	aboutRPNtest:	#TSF_this	aboutRPNcalc:	#TSF_argvsthe	#TSF_echoN	echoTIME:	#TSF_this
aboutRPNtest:
	▽「1 3 m1|2」を「[2],[1]/[0]- #TSF_join[]」で連結して「#TSF_RPN」→	1	3	m1|2	[2],[1]/[0]-	#TSF_join[]	#TSF_RPN	2	#TSF_joinN	#TSF_echo	▽「1 , 3 / m1|2 -」を「6 #TSF_join」で連結して「#TSF_RPN」→	1	,	3	/	m1|2	-	6	#TSF_joinN	#TSF_RPN	2	#TSF_joinN	#TSF_echo	▽「1 3 m1|2」を「[2]/[1]-[0] #TSF_join[]」で連結して「#TSF_calc」→	1	3	m1|2	[2]/[1]-[0]	#TSF_join[]	#TSF_calc	2	#TSF_joinN	#TSF_echo	▽「1 / 3 - m1|2 」を「5 #TSF_join」で連結して「#TSF_calc」→	1	/	3	-	m1|2	5	#TSF_joinN	#TSF_calc	2	#TSF_joinN	#TSF_echo	▽スタックからショートカットで「[aboutCALCdata:0]/[aboutCALCdata:1]-[aboutCALCdata:2] を「#TSF_calc」→	[aboutCALCdata:0]/[aboutCALCdata:1]-[aboutCALCdata:2]	#TSF_calc	2	#TSF_joinN	#TSF_echo	▽漢数字テスト「億千万」を「#TSF_calcJA」→	億千万	#TSF_calcJA	2	#TSF_joinN	#TSF_echo	▽漢数字テスト「六分の五」を「#TSF_calcJA」→	６分の５	#TSF_calcJA	2	#TSF_joinN	#TSF_echo
aboutCALCdata:
	1	3	m1|2
aboutRPNcalc:
	
	○「#TSF_RPN」逆ポーランド小数電卓の概要。
	
	　TSFの数式に高速処理を目指すRPNと多機能を備えるcalcの2種類の電卓を用意。
	　RPNでは「1+2」は「1,2+」になる。数値同士はコンマで区切る。掛け算が先に演算されるなど優先順序が存在する数式は「calc」を使う。
	　演算子の「+」プラス「-」マイナスと符号の「p」プラス「m」マイナスは分けて表記。「1-(-2)」も「1,m2-」と表記する。
	　演算子の「/」と分数の「|」も分けて表記。分数二分の一「1|2」は小数「0.5」だが１÷２の割り算として表現する場合は「1,2/」と表記する。
	　通常の割り算の他にも1未満を切り捨てる「\」、余りを求める「#」がある。マイナス剰余は「5#m4」だと「4-(5#4)」のように計算する。
	　計算結果が整数になる場合、および小数の丸めで整数になってしまった場合は整数表記になる。
	　RPNではゼロ「0|1」で割った時は分母ゼロ「n|0」を出力して終了。計算続行はされないので注意。
	　「Z」はゼロ比較演算子(条件演算子)。「1,2,0Z」はゼロの時は真なので左の数値(1)、ゼロでない時は偽なので右の数値(2)を採用。
	　「O」「o」「U」「u」も同様に、ゼロ以上(ゼロ含む)、ゼロより大きい、ゼロ以下(ゼロ含む)、ゼロ未満で左右の数値を選択。
	　条件演算子とスタック名(演算を抑止する「:」演算子)を組み合わせる事で、「#TSF_this」に渡すスタック名を分岐できます(IF構文の代替)。
	
	○「#TSF_calc」系分数電卓の概要(RPNと共通する内容は圧縮)。
	
	　calcは括弧や分数なども使えます。RPN電卓も混在できます。分数を用いる事で桁溢れや丸め誤差をなるだけ回避する事を目標とします。
	　分数を小数に変換するには「,(1|3)」のように括弧の外側でコンマを使う事でcalcの計算結果をRPNで処理する形になります。
	　calcではRPNとは事なり、括弧が無くても「小数の分数化＞掛け算系＞足し算系＞条件演算子」のような計算順序が存在します。
	　calcでは式に直接スタック名を「[data:2]/[data:1]-[data:0]」できるので、「#TSF_peekNthe」「#TSF_join[]」をショートカットできます。
	　スタック名ショートカット実現のため「Z~」「z~」「O~」「o~」「U~」「u~」「N~」と条件演算子にチルダ追加。「N~」は「n|0」のチェック用途。
	　「#TSF_-calc」を用いると計算結果の符号を「p」「m」から「-」のみに変更できる。
	　「#TSF_calcJA」を用いると億千万円銭など通貨的な助数詞を扱う。100分の1(％)は「銭」、1000分の1(‰)は「厘」表記、1万分の1(‱)は「毛」表記。
	
echoTIME:
	aboutTIMEtest:	#TSF_this	aboutTIME:	#TSF_argvsthe	#TSF_echoN
aboutTIMEtest:
	▽「time」系は準備中	#TSF_echo
aboutTIME:
	
	○「time」系分数電卓も再開発中につき説明不足になります。
	
	　時刻取得の方法が文字列置換なので、改行やタブ文字などもエスケープ置換も予定。
	　時刻の取得ついでに乱数の取得も一ヶ所に集める予定。
	　一週間の曜日「@wd」は月曜0~日曜7、ISOの曜日「@iw」は月曜1~日曜7の予定。
	　「@T」でタブ、「@N」で改行に置換されます。
-- TSF_sample_about run --

○「TSF_Tab-Separated-Forth」の概要(開発予定の話も含みます)。

　Forth風インタプリタ。単位はtsv文字列。文字列の事をカードと呼称。カードの束をスタックと呼称。スタックの集まりをデッキと呼称。
　文字から始まる行はスタック名。タブで始まる行はカードの束。「#!」で始まる行(改行のみの行含む)はコメント扱いで読み飛ばし。
　スタック名とカードの束を一行にまとめて記述するワンライナー記法も可能。

○TSFには4つの「th」、スタック代名詞「this」「that」「the」「they」という概念が存在する(theは厳密には冠詞だが便宜上代名詞扱い)。

　「this」は実行中のスタック。#関数カードの指示通りにカードを「ドロー(積み下ろし)」したり「リターン(積み上げ)」したりする。
　#関数カードではないカードは後述の「that」スタックに積み上げられる。関数の返り値ではないのでリターンとは呼ばない。
　オーバーフローもしくは「#!exit: #TSF_this」のように存在しないスタックに入る行為でオーバーフローを発生させてスタックから抜ける。
　TSFにループ構文は存在しないので末尾再帰がループになる。末尾だけじゃなくループの外側スタックを呼び出しても呼び出し先までのコールスタックが破棄される。
　TSFにはIF構文も存在しないけど「#TSF_this」に「#TSF_calc」「#TSF_peekNthe」「#TSF_aliasQON」などで呼び出し先変更を組み合わせる事で分岐は可能。
　「that」は積込先のスタック。#関数カードの返り値や#関数カード以外のカードが積み上げられる。
　「the」は指定スタック。変数や配列やテキスト保存先として扱ってるスタックが一時的に呼び出される場合の文字通り代名詞。
　「they」はスタック名一覧。スタック名一覧自体もカード束としてスタックの様に扱える場合がある。

○TSFのスタック操作に4つの「p」、スタック動詞「peek」「poke」「pull」「push」が存在する。

　「peek」スタックからカードを読み込む。読込先スタックはそのままに「that」スタックにカードが積まれるのでカードが増殖る形になる。
　「poke」スタックにカードを書き込む。スタックのカードは上書きされるので上書きされたカードが消失する形になる。
　「pull」スタックからカードを引き抜く。引抜先スタックから「that」スタックにカードが移動する形になる。
　「push」スタックにカードを差し込む。引抜先スタックに「that」スタックからカードが移動する形になる。

　※ドロー(積み下ろし)は「pullFthat」、リターン(積み上げ)は「pushFthat」、してるとも言える。

○TSFのスタック操作で選択するカード位置の副詞「F,N,C,M,V,A…」などを用意する予定。

　「F」(Front)スタックから表択、一番上に積まれたカード(tsv表現では末尾の文字列)を選択。
　「N」(Number)スタックから順択、一番下のカード(tsv表現では右端の文字列)をゼロとして数値指定で選択。
　「C」(Cycle)スタックから周択、「N」のカウント数がスタックを上回る場合、ゼロから数え直す。
　「M」(liMit)スタックから囲択、「N」のカウント数がスタックを上回る場合、「F」と同様。下回る場合ゼロ。
　「V」(reVerse)スタックから逆択、「N」のカウントが逆順になる。一番上のカード(tsv表現では左端の文字列)をゼロとして数値指定で選択。
　「A」(rAndom)スタックから乱択、ランダムに選択。乱数の定義が絡む場合は「N」を用いて別な所から乱数を準備すべき。
　「Q」(eQual)スタックから同択、文字列と同じカードを選択。カードの枚数は動詞による。
　「I」(In)スタックから含択、文字列が含まれるカードを選択。カードの枚数は動詞による。
　「R」(Regex)スタックから規択、正規表現に該当するカードを選択。カードの枚数は動詞による。TSFを実装する言語毎に正規表現の方言が存在する問題。
　「H」(matcHer)スタックから似択、文字列の一致度が一定数以上のカードを選択。カードの枚数は動詞による。Python以外の言語で一致度の基準が未定義。
　「L」(Label)スタックから札択、ラベル付カードを選択。L:Tsvを読み込む場合などに使用。

○TSFの文字列置換などでは多重副詞(副詞の組み合わせ)が発生します。加えてスタック名なのかカード名なのかを指定する数量詞が加わります。

　「S」(Stack)スタックを用意、同名のカードが存在しても、スタックを用います。
　「D」(carD)カードを用意、同名のスタックが存在しても、スタック名そのものを1枚のカード束とみなします。
　「O」(stack Or card)スタックまたはカードを用意、スタックが存在すればスタックを用い、スタックが存在しなければスタック名そのものを1枚のカード束とみなします。

▽「1 3 m1|2」を「[2],[1]/[0]- #TSF_join[]」で連結して「#TSF_RPN」→p0.833333
▽「1 , 3 / m1|2 -」を「6 #TSF_join」で連結して「#TSF_RPN」→p0.833333
▽「1 3 m1|2」を「[2]/[1]-[0] #TSF_join[]」で連結して「#TSF_calc」→p5|6
▽「1 / 3 - m1|2 」を「5 #TSF_join」で連結して「#TSF_calc」→p5|6
▽スタックからショートカットで「[aboutCALCdata:0]/[aboutCALCdata:1]-[aboutCALCdata:2] を「#TSF_calc」→p5|6
▽漢数字テスト「億千万」を「#TSF_calcJA」→1億1000万円
▽漢数字テスト「六分の五」を「#TSF_calcJA」→6分の5

○「#TSF_RPN」逆ポーランド小数電卓の概要。

　TSFの数式に高速処理を目指すRPNと多機能を備えるcalcの2種類の電卓を用意。
　RPNでは「1+2」は「1,2+」になる。数値同士はコンマで区切る。掛け算が先に演算されるなど優先順序が存在する数式は「calc」を使う。
　演算子の「+」プラス「-」マイナスと符号の「p」プラス「m」マイナスは分けて表記。「1-(-2)」も「1,m2-」と表記する。
　演算子の「/」と分数の「|」も分けて表記。分数二分の一「1|2」は小数「0.5」だが１÷２の割り算として表現する場合は「1,2/」と表記する。
　通常の割り算の他にも1未満を切り捨てる「\」、余りを求める「#」がある。マイナス剰余は「5#m4」だと「4-(5#4)」のように計算する。
　計算結果が整数になる場合、および小数の丸めで整数になってしまった場合は整数表記になる。
　RPNではゼロ「0|1」で割った時は分母ゼロ「n|0」を出力して終了。計算続行はされないので注意。
　「Z」はゼロ比較演算子(条件演算子)。「1,2,0Z」はゼロの時は真なので左の数値(1)、ゼロでない時は偽なので右の数値(2)を採用。
　「O」「o」「U」「u」も同様に、ゼロ以上(ゼロ含む)、ゼロより大きい、ゼロ以下(ゼロ含む)、ゼロ未満で左右の数値を選択。
　条件演算子とスタック名(演算を抑止する「:」演算子)を組み合わせる事で、「#TSF_this」に渡すスタック名を分岐できます(IF構文の代替)。

○「#TSF_calc」系分数電卓の概要(RPNと共通する内容は圧縮)。

　calcは括弧や分数なども使えます。RPN電卓も混在できます。分数を用いる事で桁溢れや丸め誤差をなるだけ回避する事を目標とします。
　分数を小数に変換するには「,(1|3)」のように括弧の外側でコンマを使う事でcalcの計算結果をRPNで処理する形になります。
　calcではRPNとは事なり、括弧が無くても「小数の分数化＞掛け算系＞足し算系＞条件演算子」のような計算順序が存在します。
　calcでは式に直接スタック名を「[data:2]/[data:1]-[data:0]」できるので、「#TSF_peekNthe」「#TSF_join[]」をショートカットできます。
　スタック名ショートカット実現のため「Z~」「z~」「O~」「o~」「U~」「u~」「N~」と条件演算子にチルダ追加。「N~」は「n|0」のチェック用途。
　「#TSF_-calc」を用いると計算結果の符号を「p」「m」から「-」のみに変更できる。
　「#TSF_calcJA」を用いると億千万円銭など通貨的な助数詞を扱う。100分の1(％)は「銭」、1000分の1(‰)は「厘」表記、1万分の1(‱)は「毛」表記。

▽「time」系は準備中

○「time」系分数電卓も再開発中につき説明不足になります。

　時刻取得の方法が文字列置換なので、改行やタブ文字などもエスケープ置換も予定。
　時刻の取得ついでに乱数の取得も一ヶ所に集める予定。
　一週間の曜日「@wd」は月曜0~日曜7、ISOの曜日「@iw」は月曜1~日曜7の予定。
　「@T」でタブ、「@N」で改行に置換されます。
