-- TSF_sample_about source --
TSF_Tab-Separated-Forth:
	echoTSF:	#TSF_this	#TSF_fin.
echoTSF:
	aboutTSF:	#TSF_argvsthe	#TSF_echoN	echoRPNcalc:	#TSF_this
aboutTSF:
	
	○「TSF_Tab-Separated-Forth」の簡略説明。
	
	　Forth風インタプリタ。単位はtsv文字列。文字列の事をカードと呼称。カードの束をスタックと呼称。スタックの集まりをデッキと呼称。
	　文字から始まる行はスタック名。タブで始まる行はカードの束。シバン「#!」で始まる行(改行のみの行含む)はコメント扱いで読み飛ばし。
	
	○TSF構文には4つの「th」、スタック代名詞「this」「that」「the」「they」が存在。
	
	　「this」は実行中のスタック。#関数カードの指示通りにカードを「ドロー(積み下ろし)」したり「リターン(積み上げ)」したりする。
	　「that」は積込先のスタック。#関数カードの返り値や#関数カード以外のカードが積み上げられる。
	　「the」は指定スタック。変数や配列やテキスト保存先として扱ってるスタックが一時的に呼び出される場合の文字通り代名詞。
	　「they」はスタック名一覧。スタック名一覧自体もカード束としてスタックの様に扱える場合がある。
	
	○TSF構文のスタック操作に4つの「p」、スタック動詞「peek」「poke」「pull」「push」が存在する。
	
	　「peek」スタックからカードを読み込む。読込先スタックはそのままに「that」スタックにカードが積まれるのでカードが増殖る形になる。
	　「poke」スタックにカードを書き込む。スタックのカードは上書きされるので上書きされたカードが消失する形になる。
	　「pull」スタックからカードを引き抜く。引抜先スタックから「that」スタックにカードが移動する形になる。
	　「push」スタックにカードを差し込む。引抜先スタックに「that」スタックからカードが移動する形になる。
	
	○TSF構文の副詞「FNCMVAQIRHL」と数量詞「SDO」などの説明は省略。
	
	　※#関数カードの、ドロー(積み下ろし)は「pullFthat」リターン(積み上げ)は「pushFthat」してるとも言える。
	
	○TSFの式の解説前にとりあえず分数計算や漢数字のテストなど。
	
echoRPNcalc:
	aboutRPNtest:	#TSF_this	aboutRPNcalc:	#TSF_argvsthe	#TSF_echoN	echoURL:	#TSF_this
aboutRPNtest:
	▽「1 3 m1|2」を「[2],[1]/[0]- #TSF_join[]」で連結して「#TSF_RPN」→	1	3	m1|2	[2],[1]/[0]-	#TSF_join[]	#TSF_RPN	2	#TSF_joinN	#TSF_echo	▽「1 , 3 / m1|2 -」を「6 #TSF_join」で連結して「#TSF_RPN」→	1	,	3	/	m1|2	-	6	#TSF_joinN	#TSF_RPN	2	#TSF_joinN	#TSF_echo	▽「1 3 m1|2」を「[2]/[1]-[0] #TSF_join[]」で連結して「#TSF_calc」→	1	3	m1|2	[2]/[1]-[0]	#TSF_join[]	#TSF_calc	2	#TSF_joinN	#TSF_echo	▽「1 / 3 - m1|2 」を「5 #TSF_join」で連結して「#TSF_calc」→	1	/	3	-	m1|2	5	#TSF_joinN	#TSF_calc	2	#TSF_joinN	#TSF_echo	▽スタックからショートカットで「[aboutCALCdata:0]/[aboutCALCdata:1]-[aboutCALCdata:2] を「#TSF_calc」→	[aboutCALCdata:0]/[aboutCALCdata:1]-[aboutCALCdata:2]	#TSF_calc	2	#TSF_joinN	#TSF_echo	▽漢数字テスト「億千万」を「#TSF_calcJA」→	億千万	#TSF_calcJA	2	#TSF_joinN	#TSF_echo	▽漢数字テスト「六分の五」を「#TSF_calcJA」→	６分の５	#TSF_calcJA	2	#TSF_joinN	#TSF_echo	▽日時テスト「@4y年@0m月@0dm日(@wdj)@0h時@0n分@0s秒」を「#TSF_calender」→	@4y年@0m月@0dm日(@wdj)@0h時@0n分@0s秒	#TSF_calender	2	#TSF_joinN	#TSF_echo
aboutCALCdata:
	1	3	m1|2
aboutRPNcalc:
	
	○「#TSF_RPN」逆ポーランド小数電卓の概要。
	
	　TSFの数式に高速処理を目指すRPNと多機能を備えるcalcの2種類の電卓を用意。
	　RPNでは「1+2」は「1,2+」になる。数値同士はコンマで区切る。掛け算が先に演算されるなど優先順序が存在する数式は「calc」を使う。
	　演算子の「+」プラス「-」マイナスと符号の「p」プラス「m」マイナスは分けて表記。「1-(-2)」も「1,m2-」と表記する。
	　演算子の「/」と分数の「|」も分けて表記。分数二分の一「1|2」は小数「0.5」だが１÷２の割り算として表現する場合は「1,2/」と表記する。
	　通常の割り算の他にも1未満を切り捨てる「\」、余りを求める「#」がある。マイナス剰余は「5#m4」だと「4-(5#4)」のように計算する。
	　計算結果が整数になる場合、および小数の丸めで整数になってしまった場合は整数表記になる。
	　RPNではゼロ「0|1」で割った時は分母ゼロ「n|0」を出力して終了。計算続行はされないので注意。
	　「Z」はゼロ比較演算子(条件演算子)。「1,2,0Z」はゼロの時は真なので左の数値(1)、ゼロでない時は偽なので右の数値(2)を採用。
	　「O」「o」「U」「u」も同様に、ゼロ以上(ゼロ含む)、ゼロより大きい、ゼロ以下(ゼロ含む)、ゼロ未満で左右の数値を選択。
	　条件演算子とスタック名(演算を抑止する「:」演算子)を組み合わせる事で、「#TSF_this」に渡すスタック名を分岐できます(IF構文の代替)。
	
	○「#TSF_calc」系分数電卓の概要(RPNと共通する内容は圧縮)。
	
	　calcは括弧や分数なども使えます。RPN電卓も混在できます。分数を用いる事で桁溢れや丸め誤差をなるだけ回避する事を目標とします。
	　分数を小数に変換するには「,(1|3)」のように括弧の外側でコンマを使う事でcalcの計算結果をRPNで処理する形になります。
	　calcではRPNとは事なり、括弧が無くても「小数の分数化＞掛け算系＞足し算系＞条件演算子」のような計算順序が存在します。
	　calcでは式に直接スタック名を「[data:2]/[data:1]-[data:0]」できるので、「#TSF_peekNthe」「#TSF_join[]」をショートカットできます。
	　スタック名ショートカット実現のため「Z~」「z~」「O~」「o~」「U~」「u~」「N~」と条件演算子にチルダ追加。「N~」は「n|0」のチェック用途。
	　「#TSF_-calc」を用いると計算結果の符号を「p」「m」から「-」のみに変更できる。
	　「#TSF_calcJA」を用いると億千万円銭など通貨的な助数詞を扱う。100分の1(％)は「銭」、1000分の1(‰)は「厘」表記、1万分の1(‱)は「毛」表記。
	
echoURL:
	aboutURL:	#TSF_argvsthe	#TSF_echoN
aboutURL:
	○TSFの詳しい説明はローカルの「docs/index.html」かWeb上の「https://ooblog.github.io/TSF2KEV/」を確認してください。
	
	　Web版もTSF付属のローカル版も「docs/TSFindex.tsf」から「sample/TSFdoc.tsf」を用いて生成されてます。
	　TSFを用いると簡潔なプログラムが書けます。そしてこの「sample/sample_aboutTSF.tsf」文書自体もTSF言語で書かれてます。
	
	#! -- Copyright (c) 2017 ooblog --
	#! License: MIT　https://github.com/ooblog/TSF2KEV/blob/master/LICENSE
-- TSF_sample_about run --

○「TSF_Tab-Separated-Forth」の簡略説明。

　Forth風インタプリタ。単位はtsv文字列。文字列の事をカードと呼称。カードの束をスタックと呼称。スタックの集まりをデッキと呼称。
　文字から始まる行はスタック名。タブで始まる行はカードの束。シバン「#!」で始まる行(改行のみの行含む)はコメント扱いで読み飛ばし。

○TSF構文には4つの「th」、スタック代名詞「this」「that」「the」「they」が存在。

　「this」は実行中のスタック。#関数カードの指示通りにカードを「ドロー(積み下ろし)」したり「リターン(積み上げ)」したりする。
　「that」は積込先のスタック。#関数カードの返り値や#関数カード以外のカードが積み上げられる。
　「the」は指定スタック。変数や配列やテキスト保存先として扱ってるスタックが一時的に呼び出される場合の文字通り代名詞。
　「they」はスタック名一覧。スタック名一覧自体もカード束としてスタックの様に扱える場合がある。

○TSF構文のスタック操作に4つの「p」、スタック動詞「peek」「poke」「pull」「push」が存在する。

　「peek」スタックからカードを読み込む。読込先スタックはそのままに「that」スタックにカードが積まれるのでカードが増殖る形になる。
　「poke」スタックにカードを書き込む。スタックのカードは上書きされるので上書きされたカードが消失する形になる。
　「pull」スタックからカードを引き抜く。引抜先スタックから「that」スタックにカードが移動する形になる。
　「push」スタックにカードを差し込む。引抜先スタックに「that」スタックからカードが移動する形になる。

○TSF構文の副詞「FNCMVAQIRHL」と数量詞「SDO」などの説明は省略。

　※#関数カードの、ドロー(積み下ろし)は「pullFthat」リターン(積み上げ)は「pushFthat」してるとも言える。

○TSFの式の解説前にとりあえず分数計算や漢数字のテストなど。

▽「1 3 m1|2」を「[2],[1]/[0]- #TSF_join[]」で連結して「#TSF_RPN」→p0.833333333333
▽「1 , 3 / m1|2 -」を「6 #TSF_join」で連結して「#TSF_RPN」→p0.833333333333
▽「1 3 m1|2」を「[2]/[1]-[0] #TSF_join[]」で連結して「#TSF_calc」→p5|6
▽「1 / 3 - m1|2 」を「5 #TSF_join」で連結して「#TSF_calc」→p5|6
▽スタックからショートカットで「[aboutCALCdata:0]/[aboutCALCdata:1]-[aboutCALCdata:2] を「#TSF_calc」→p5|6
▽漢数字テスト「億千万」を「#TSF_calcJA」→1億1000万円
▽漢数字テスト「六分の五」を「#TSF_calcJA」→6分の5
▽日時テスト「@4y年@0m月@0dm日(@wdj)@0h時@0n分@0s秒」を「#TSF_calender」→2017年06月26日(月)01時41分24秒

○「#TSF_RPN」逆ポーランド小数電卓の概要。

　TSFの数式に高速処理を目指すRPNと多機能を備えるcalcの2種類の電卓を用意。
　RPNでは「1+2」は「1,2+」になる。数値同士はコンマで区切る。掛け算が先に演算されるなど優先順序が存在する数式は「calc」を使う。
　演算子の「+」プラス「-」マイナスと符号の「p」プラス「m」マイナスは分けて表記。「1-(-2)」も「1,m2-」と表記する。
　演算子の「/」と分数の「|」も分けて表記。分数二分の一「1|2」は小数「0.5」だが１÷２の割り算として表現する場合は「1,2/」と表記する。
　通常の割り算の他にも1未満を切り捨てる「\」、余りを求める「#」がある。マイナス剰余は「5#m4」だと「4-(5#4)」のように計算する。
　計算結果が整数になる場合、および小数の丸めで整数になってしまった場合は整数表記になる。
　RPNではゼロ「0|1」で割った時は分母ゼロ「n|0」を出力して終了。計算続行はされないので注意。
　「Z」はゼロ比較演算子(条件演算子)。「1,2,0Z」はゼロの時は真なので左の数値(1)、ゼロでない時は偽なので右の数値(2)を採用。
　「O」「o」「U」「u」も同様に、ゼロ以上(ゼロ含む)、ゼロより大きい、ゼロ以下(ゼロ含む)、ゼロ未満で左右の数値を選択。
　条件演算子とスタック名(演算を抑止する「:」演算子)を組み合わせる事で、「#TSF_this」に渡すスタック名を分岐できます(IF構文の代替)。

○「#TSF_calc」系分数電卓の概要(RPNと共通する内容は圧縮)。

　calcは括弧や分数なども使えます。RPN電卓も混在できます。分数を用いる事で桁溢れや丸め誤差をなるだけ回避する事を目標とします。
　分数を小数に変換するには「,(1|3)」のように括弧の外側でコンマを使う事でcalcの計算結果をRPNで処理する形になります。
　calcではRPNとは事なり、括弧が無くても「小数の分数化＞掛け算系＞足し算系＞条件演算子」のような計算順序が存在します。
　calcでは式に直接スタック名を「[data:2]/[data:1]-[data:0]」できるので、「#TSF_peekNthe」「#TSF_join[]」をショートカットできます。
　スタック名ショートカット実現のため「Z~」「z~」「O~」「o~」「U~」「u~」「N~」と条件演算子にチルダ追加。「N~」は「n|0」のチェック用途。
　「#TSF_-calc」を用いると計算結果の符号を「p」「m」から「-」のみに変更できる。
　「#TSF_calcJA」を用いると億千万円銭など通貨的な助数詞を扱う。100分の1(％)は「銭」、1000分の1(‰)は「厘」表記、1万分の1(‱)は「毛」表記。

○TSFの詳しい説明はローカルの「docs/index.html」かWeb上の「https://ooblog.github.io/TSF2KEV/」を確認してください。

　Web版もTSF付属のローカル版も「docs/TSFindex.tsf」から「sample/TSFdoc.tsf」を用いて生成されてます。
　TSFを用いると簡潔なプログラムが書けます。そしてこの「sample/sample_aboutTSF.tsf」文書自体もTSF言語で書かれてます。

#! -- Copyright (c) 2017 ooblog --
#! License: MIT　https://github.com/ooblog/TSF2KEV/blob/master/LICENSE
