TSF_Tab-Separated-Forth:
	0	:TSF_fin.
TSF_argvs:
	TSF_Io.py
TSF_py:
	Python(Copyright (c) 2001-2014 Python Software Foundation.)2.7.6	linux2	UTF-8
TSF_debug_tsv:
	helloワールド咖喱
	csv&tab;tsv&tab;LTSV&tab;L:Tsv&tab;TSF
	csv	tsv	LTSV	L:Tsv	TSF
	11
	5
	this:Peek
	Peek
	this:Peek	poked	the:Pull	they:Push
	this:Peek	that:poked	the:Pull	they:Push
	this:Peek	that:Poke	the:Pull	they:Push
	this:Peek	that:Poke	they:Push
	this:Peek	that:Poke	they:Push
	pushed	this:Peek	that:Poke	the:Pull	they:Push
	this:Peek	that:Poke	the:Pull	pushed	they:Push
	this:Peek	that:Poke	the:Pull	they:Push	pushed
	this:Peek	that:Poke	the:Pull	they:pushed
	this:Peek	that:Poke	the:Pull	they:Push	cards:pushed
TSF_debug_rpn:
	U+p128	296
	1.414|3	0.471333333333
	2,3+	5
	2,m3+	-1
	2,3-	-1
	2,m3-	5
	2,3*	6
	2,3/	0.666666666667
	0|0	n|0
	0,0/	n|0
	5,3\	1
	5,3#	2
	5,7,p1Z	7
	5,7,0Z	5
	5,7,m1Z	7
	5,7,p1z	5
	5,7,0z	7
	5,7,m1z	5
	5,7,p1O	5
	5,7,0O	5
	5,7,m1O	7
	5,7,p1o	5
	5,7,0o	7
	5,7,m1o	7
	5,7,p1U	7
	5,7,0U	5
	5,7,m1U	5
	5,7,p1u	7
	5,7,0u	7
	5,7,m1u	5
