--- TSF_Time.py ---
-- TSF_Time.py source --
TSF_Tab-Separated-Forth:
	timecount:	#TSF_this	#TSF_fin.
timecount:
	timejump:	timesample:	#TSF_lenthe	0,1,[0]U	#TSF_join[]	#TSF_RPN	#TSF_peekNthe	#TSF_this	timecount:	#TSF_this
timejump:
	#exit	timepop:
timepop:
	timesample:	0	#TSF_pullNthe	#TSF_peekFthat	#TSF_calender	「[1]」→「[0]」	#TSF_join[]	#TSF_echo
timesample:
	0|0
	0|0,
	0/0
	0,0/
	,0
	@000y
-- TSF_Time.py run --
「0|0」→「0|0」
「0|0,」→「0|0,」
「0/0」→「0/0」
「0,0/」→「0,0/」
「,0」→「,0」
「@000y」→「0000」
-- TSF_Time.py viewthey --
TSF_Tab-Separated-Forth:
	timecount:	#TSF_this	#TSF_fin.
timecount:
	timejump:	timesample:	#TSF_lenthe	0,1,[0]U	#TSF_join[]	#TSF_RPN	#TSF_peekNthe	#TSF_this	timecount:	#TSF_this
timejump:
	#exit	timepop:
timepop:
	timesample:	0	#TSF_pullNthe	#TSF_peekFthat	#TSF_calender	「[1]」→「[0]」	#TSF_join[]	#TSF_echo
timesample:
	
