--- TSF_Forth.d ---
TSF_Tab-Separated-Forth:
	set(del)test	#TSF_this	TSF_argvs:	#TSF_that	#TSF_argvs	#TSF_fin.
set(del)test
	this:Peek	that:Poke	the:Pull	they:Push	2	#TSF_echoN
--- run ---
they:Push
the:Pull
--- fin. ---
TSF_Tab-Separated-Forth:
	set(del)test	#TSF_this	TSF_argvs:	#TSF_that	#TSF_argvs	#TSF_fin.	this:Peek	that:Poke
set(del)test
	this:Peek	that:Poke	the:Pull	they:Push	2	#TSF_echoN
TSF_argvs:
	TSF_Forth.d	1
--- hello ---
TSF_Tab-Separated-Forth:
	set(del)test	#TSF_this	TSF_argvs:	#TSF_that	#TSF_argvs	#TSF_fin.	this:Peek	that:Poke
set(del)test
	this:Peek	that:Poke	the:Pull	they:Push	2	#TSF_echoN
TSF_argvs:
	TSF_Forth.d	1
helloworld:
	TSF_Tab-Separated-Forth:
	&tab;Hello world&tab;#TSF_echo
--- TSF_Forth.d > debug/debug_dForth.log ---
