--- TSF_Time.d ---
-- TSF_Time.d source --
TSF_Tab-Separated-Forth:
	#TSF_nowdaytime	timecount:	#TSF_this	#TSF_fin.
timecount:
	timejump:	timesample:	#TSF_lenthe	0,1,[0]U	#TSF_join[]	#TSF_RPN	#TSF_peekNthe	#TSF_this	timecount:	#TSF_this
timejump:
	#exit	timepop:
timepop:
	timesample:	0	#TSF_pullNthe	#TSF_peekFthat	#TSF_calender	「[1]」→「[0]」	#TSF_join[]	#TSF_echo
timesample:
	@000y
	@___y
	@4y
	@0y
	@_y
	@2y
	@0m
	@_m
	@m
	@wd
	@wdj
	@wdec
	@0dm
	@_dm
	@dm
	@0h
	@_h
	@h
	@0n
	@_n
	@n
	@0s
	@_s
	@s
	@00ls
	@__ls
	@ls
	@00000rs
	@_____rs
	@rs
-- TSF_Time.d run --
「@000y」→「2017」
「@___y」→「2017」
「@4y」→「2017」
「@0y」→「17」
「@_y」→「17」
「@2y」→「17」
「@0m」→「05」
「@_m」→「 5」
「@m」→「5」
「@wd」→「0」
「@wdj」→「月」
「@wdec」→「M」
「@0dm」→「29」
「@_dm」→「29」
「@dm」→「29」
「@0h」→「11」
「@_h」→「11」
「@h」→「11」
「@0n」→「28」
「@_n」→「28」
「@n」→「28」
「@0s」→「17」
「@_s」→「17」
「@s」→「17」
「@00ls」→「000」
「@__ls」→「  0」
「@ls」→「0」
「@00000rs」→「000000」
「@_____rs」→「     0」
「@rs」→「0」
-- TSF_Time.d viewthey --
TSF_Tab-Separated-Forth:
	#TSF_nowdaytime	timecount:	#TSF_this	#TSF_fin.
timecount:
	timejump:	timesample:	#TSF_lenthe	0,1,[0]U	#TSF_join[]	#TSF_RPN	#TSF_peekNthe	#TSF_this	timecount:	#TSF_this
timejump:
	#exit	timepop:
timepop:
	timesample:	0	#TSF_pullNthe	#TSF_peekFthat	#TSF_calender	「[1]」→「[0]」	#TSF_join[]	#TSF_echo
timesample:
	
