--- TSF_Forth.py ---
TSF_Tab-Separated-Forth:
	set(del)test	#TSF_this	#TSF_fin.
set(del)test
	this:Peek	that:Poke	the:Pull	they:Push	2	#TSF_echoN
--- run ---
they:Push
the:Pull
--- fin. ---
TSF_Tab-Separated-Forth:
	set(del)test	#TSF_this	#TSF_fin.	this:Peek	that:Poke
set(del)test
	this:Peek	that:Poke	the:Pull	they:Push	2	#TSF_echoN
--- hello ---
TSF_Tab-Separated-Forth:
	set(del)test	#TSF_this	#TSF_fin.	this:Peek	that:Poke
set(del)test
	this:Peek	that:Poke	the:Pull	they:Push	2	#TSF_echoN
helloworld:
	TSF_Tab-Separated-Forth:
	&tab;Hello world&tab;#TSF_echo
--- TSF_Forth.py > debug/debug_pyForth.log ---
